<?xml version="1.0" encoding="UTF-8"?>
<testng-results skipped="0" failed="0" ignored="0" total="2" passed="2">
  <reporter-output>
  </reporter-output>
  <suite name="Default suite" duration-ms="18839" started-at="2020-07-23T16:21:46 EDT" finished-at="2020-07-23T16:22:05 EDT">
    <groups>
    </groups>
    <test name="Default test" duration-ms="18839" started-at="2020-07-23T16:21:46 EDT" finished-at="2020-07-23T16:22:05 EDT">
      <class name="test.TestNG_Demo">
        <test-method status="PASS" signature="setuptest()[pri:0, instance:test.TestNG_Demo@26aa12dd]" name="setuptest" is-config="true" duration-ms="4631" started-at="2020-07-23T16:21:46 EDT" finished-at="2020-07-23T16:21:51 EDT">
          <reporter-output>
          </reporter-output>
        </test-method> <!-- setuptest -->
        <test-method status="PASS" signature="googleSearch()[pri:0, instance:test.TestNG_Demo@26aa12dd]" name="googleSearch" duration-ms="5550" started-at="2020-07-23T16:21:51 EDT" finished-at="2020-07-23T16:21:56 EDT">
          <reporter-output>
          </reporter-output>
        </test-method> <!-- googleSearch -->
        <test-method status="PASS" signature="googleSearchagain()[pri:0, instance:test.TestNG_Demo@26aa12dd]" name="googleSearchagain" duration-ms="3834" started-at="2020-07-23T16:21:56 EDT" finished-at="2020-07-23T16:22:00 EDT">
          <reporter-output>
          </reporter-output>
        </test-method> <!-- googleSearchagain -->
        <test-method status="PASS" signature="teardown()[pri:0, instance:test.TestNG_Demo@26aa12dd]" name="teardown" is-config="true" duration-ms="4782" started-at="2020-07-23T16:22:00 EDT" finished-at="2020-07-23T16:22:05 EDT">
          <reporter-output>
          </reporter-output>
        </test-method> <!-- teardown -->
      </class> <!-- test.TestNG_Demo -->
    </test> <!-- Default test -->
  </suite> <!-- Default suite -->
</testng-results>
